app/build/intermediates/manifest_merge_blame_file/debug/processDebugMainManifest/manifest-merger-blame-debug-report.txt
1<?xml version="1.0" encoding="utf-8"?>
2<manifest xmlns:android="http://schemas.android.com/apk/res/android"
3    package="com.hayuwidyas.debug"
4    android:versionCode="1"
5    android:versionName="1.0-debug" >
6
7    <uses-sdk
8        android:minSdkVersion="24"
9        android:targetSdkVersion="35" />
10
11    <!-- Network Permissions -->
12    <uses-permission android:name="android.permission.INTERNET" />
12-->src/main/AndroidManifest.xml:6:5-67
12-->src/main/AndroidManifest.xml:6:22-64
13    <uses-permission android:name="android.permission.ACCESS_NETWORK_STATE" />
13-->src/main/AndroidManifest.xml:7:5-79
13-->src/main/AndroidManifest.xml:7:22-76
14
15    <!-- Optional: For image caching -->
16    <uses-permission
16-->src/main/AndroidManifest.xml:10:5-11:38
17        android:name="android.permission.WRITE_EXTERNAL_STORAGE"
17-->src/main/AndroidManifest.xml:10:22-78
18        android:maxSdkVersion="28" />
18-->src/main/AndroidManifest.xml:11:9-35
19    <uses-permission android:name="android.permission.WAKE_LOCK" />
19-->[com.google.android.gms:play-services-measurement-api:22.0.2] AndroidManifest.xml:24:5-68
19-->[com.google.android.gms:play-services-measurement-api:22.0.2] AndroidManifest.xml:24:22-65
20    <uses-permission android:name="com.google.android.gms.permission.AD_ID" />
20-->[com.google.android.gms:play-services-measurement-api:22.0.2] AndroidManifest.xml:25:5-79
20-->[com.google.android.gms:play-services-measurement-api:22.0.2] AndroidManifest.xml:25:22-76
21    <uses-permission android:name="android.permission.ACCESS_ADSERVICES_ATTRIBUTION" />
21-->[com.google.android.gms:play-services-measurement-api:22.0.2] AndroidManifest.xml:26:5-88
21-->[com.google.android.gms:play-services-measurement-api:22.0.2] AndroidManifest.xml:26:22-85
22    <uses-permission android:name="android.permission.ACCESS_ADSERVICES_AD_ID" />
22-->[com.google.android.gms:play-services-measurement-api:22.0.2] AndroidManifest.xml:27:5-82
22-->[com.google.android.gms:play-services-measurement-api:22.0.2] AndroidManifest.xml:27:22-79
23    <uses-permission android:name="com.google.android.finsky.permission.BIND_GET_INSTALL_REFERRER_SERVICE" />
23-->[com.google.android.gms:play-services-measurement:22.0.2] AndroidManifest.xml:26:5-110
23-->[com.google.android.gms:play-services-measurement:22.0.2] AndroidManifest.xml:26:22-107
24    <uses-permission android:name="com.google.android.providers.gsf.permission.READ_GSERVICES" />
24-->[com.google.android.recaptcha:recaptcha:18.4.0] AndroidManifest.xml:9:5-98
24-->[com.google.android.recaptcha:recaptcha:18.4.0] AndroidManifest.xml:9:22-95
25
26    <permission
26-->[androidx.core:core:1.13.1] AndroidManifest.xml:22:5-24:47
27        android:name="com.hayuwidyas.debug.DYNAMIC_RECEIVER_NOT_EXPORTED_PERMISSION"
27-->[androidx.core:core:1.13.1] AndroidManifest.xml:23:9-81
28        android:protectionLevel="signature" />
28-->[androidx.core:core:1.13.1] AndroidManifest.xml:24:9-44
29
30    <uses-permission android:name="com.hayuwidyas.debug.DYNAMIC_RECEIVER_NOT_EXPORTED_PERMISSION" />
30-->[androidx.core:core:1.13.1] AndroidManifest.xml:26:5-97
30-->[androidx.core:core:1.13.1] AndroidManifest.xml:26:22-94
31
32    <application
32-->src/main/AndroidManifest.xml:13:5-58:19
33        android:name="com.hayuwidyas.HayuWidyasApplication"
33-->src/main/AndroidManifest.xml:14:9-46
34        android:allowBackup="true"
34-->src/main/AndroidManifest.xml:15:9-35
35        android:appComponentFactory="androidx.core.app.CoreComponentFactory"
35-->[androidx.core:core:1.13.1] AndroidManifest.xml:28:18-86
36        android:dataExtractionRules="@xml/data_extraction_rules"
36-->src/main/AndroidManifest.xml:16:9-65
37        android:debuggable="true"
38        android:extractNativeLibs="false"
39        android:fullBackupContent="@xml/backup_rules"
39-->src/main/AndroidManifest.xml:17:9-54
40        android:icon="@mipmap/ic_launcher"
40-->src/main/AndroidManifest.xml:18:9-43
41        android:label="@string/app_name"
41-->src/main/AndroidManifest.xml:19:9-41
42        android:roundIcon="@mipmap/ic_launcher_round"
42-->src/main/AndroidManifest.xml:20:9-54
43        android:supportsRtl="true"
43-->src/main/AndroidManifest.xml:21:9-35
44        android:theme="@style/Theme.HayuWidyas"
44-->src/main/AndroidManifest.xml:22:9-48
45        android:usesCleartextTraffic="true" >
45-->src/main/AndroidManifest.xml:23:9-44
46
47        <!-- Main Activity -->
48        <activity
48-->src/main/AndroidManifest.xml:27:9-36:20
49            android:name="com.hayuwidyas.presentation.MainActivity"
49-->src/main/AndroidManifest.xml:28:13-54
50            android:exported="true"
50-->src/main/AndroidManifest.xml:29:13-36
51            android:screenOrientation="portrait"
51-->src/main/AndroidManifest.xml:31:13-49
52            android:theme="@style/Theme.HayuWidyas.Splash" >
52-->src/main/AndroidManifest.xml:30:13-59
53            <intent-filter>
53-->src/main/AndroidManifest.xml:32:13-35:29
54                <action android:name="android.intent.action.MAIN" />
54-->src/main/AndroidManifest.xml:33:17-69
54-->src/main/AndroidManifest.xml:33:25-66
55
56                <category android:name="android.intent.category.LAUNCHER" />
56-->src/main/AndroidManifest.xml:34:17-77
56-->src/main/AndroidManifest.xml:34:27-74
57            </intent-filter>
58        </activity>
59
60        <!-- Firebase Messaging Service (Optional for push notifications) -->
61        <service
61-->src/main/AndroidManifest.xml:39:9-45:19
62            android:name="com.hayuwidyas.util.HayuFirebaseMessagingService"
62-->src/main/AndroidManifest.xml:40:13-62
63            android:exported="false" >
63-->src/main/AndroidManifest.xml:41:13-37
64            <intent-filter>
64-->src/main/AndroidManifest.xml:42:13-44:29
65                <action android:name="com.google.firebase.MESSAGING_EVENT" />
65-->src/main/AndroidManifest.xml:43:17-78
65-->src/main/AndroidManifest.xml:43:25-75
66            </intent-filter>
67        </service>
68
69        <!-- File Provider for image sharing (if needed) -->
70        <provider
71            android:name="androidx.core.content.FileProvider"
71-->src/main/AndroidManifest.xml:49:13-62
72            android:authorities="com.hayuwidyas.debug.fileprovider"
72-->src/main/AndroidManifest.xml:50:13-64
73            android:exported="false"
73-->src/main/AndroidManifest.xml:51:13-37
74            android:grantUriPermissions="true" >
74-->src/main/AndroidManifest.xml:52:13-47
75            <meta-data
75-->src/main/AndroidManifest.xml:53:13-55:54
76                android:name="android.support.FILE_PROVIDER_PATHS"
76-->src/main/AndroidManifest.xml:54:17-67
77                android:resource="@xml/file_paths" />
77-->src/main/AndroidManifest.xml:55:17-51
78        </provider>
79
80        <service
80-->[com.google.firebase:firebase-perf-ktx:21.0.1] AndroidManifest.xml:9:9-15:19
81            android:name="com.google.firebase.components.ComponentDiscoveryService"
81-->[com.google.firebase:firebase-perf-ktx:21.0.1] AndroidManifest.xml:10:13-84
82            android:directBootAware="true"
82-->[com.google.firebase:firebase-common:21.0.0] AndroidManifest.xml:32:13-43
83            android:exported="false" >
83-->[com.google.firebase:firebase-perf-ktx:21.0.1] AndroidManifest.xml:11:13-37
84            <meta-data
84-->[com.google.firebase:firebase-perf-ktx:21.0.1] AndroidManifest.xml:12:13-14:85
85                android:name="com.google.firebase.components:com.google.firebase.perf.ktx.FirebasePerfLegacyRegistrar"
85-->[com.google.firebase:firebase-perf-ktx:21.0.1] AndroidManifest.xml:13:17-119
86                android:value="com.google.firebase.components.ComponentRegistrar" />
86-->[com.google.firebase:firebase-perf-ktx:21.0.1] AndroidManifest.xml:14:17-82
87            <meta-data
87-->[com.google.firebase:firebase-perf:21.0.1] AndroidManifest.xml:14:13-16:85
88                android:name="com.google.firebase.components:com.google.firebase.perf.FirebasePerfKtxRegistrar"
88-->[com.google.firebase:firebase-perf:21.0.1] AndroidManifest.xml:15:17-112
89                android:value="com.google.firebase.components.ComponentRegistrar" />
89-->[com.google.firebase:firebase-perf:21.0.1] AndroidManifest.xml:16:17-82
90            <meta-data
90-->[com.google.firebase:firebase-perf:21.0.1] AndroidManifest.xml:17:13-19:85
91                android:name="com.google.firebase.components:com.google.firebase.perf.FirebasePerfRegistrar"
91-->[com.google.firebase:firebase-perf:21.0.1] AndroidManifest.xml:18:17-109
92                android:value="com.google.firebase.components.ComponentRegistrar" />
92-->[com.google.firebase:firebase-perf:21.0.1] AndroidManifest.xml:19:17-82
93            <meta-data
93-->[com.google.firebase:firebase-crashlytics-ktx:19.0.2] AndroidManifest.xml:24:13-26:85
94                android:name="com.google.firebase.components:com.google.firebase.crashlytics.ktx.FirebaseCrashlyticsKtxRegistrar"
94-->[com.google.firebase:firebase-crashlytics-ktx:19.0.2] AndroidManifest.xml:25:17-130
95                android:value="com.google.firebase.components.ComponentRegistrar" />
95-->[com.google.firebase:firebase-crashlytics-ktx:19.0.2] AndroidManifest.xml:26:17-82
96            <meta-data
96-->[com.google.firebase:firebase-crashlytics:19.0.2] AndroidManifest.xml:15:13-17:85
97                android:name="com.google.firebase.components:com.google.firebase.crashlytics.FirebaseCrashlyticsKtxRegistrar"
97-->[com.google.firebase:firebase-crashlytics:19.0.2] AndroidManifest.xml:16:17-126
98                android:value="com.google.firebase.components.ComponentRegistrar" />
98-->[com.google.firebase:firebase-crashlytics:19.0.2] AndroidManifest.xml:17:17-82
99            <meta-data
99-->[com.google.firebase:firebase-crashlytics:19.0.2] AndroidManifest.xml:18:13-20:85
100                android:name="com.google.firebase.components:com.google.firebase.crashlytics.CrashlyticsRegistrar"
100-->[com.google.firebase:firebase-crashlytics:19.0.2] AndroidManifest.xml:19:17-115
101                android:value="com.google.firebase.components.ComponentRegistrar" />
101-->[com.google.firebase:firebase-crashlytics:19.0.2] AndroidManifest.xml:20:17-82
102            <meta-data
102-->[com.google.firebase:firebase-sessions:2.0.2] AndroidManifest.xml:29:13-31:85
103                android:name="com.google.firebase.components:com.google.firebase.sessions.FirebaseSessionsRegistrar"
103-->[com.google.firebase:firebase-sessions:2.0.2] AndroidManifest.xml:30:17-117
104                android:value="com.google.firebase.components.ComponentRegistrar" />
104-->[com.google.firebase:firebase-sessions:2.0.2] AndroidManifest.xml:31:17-82
105            <meta-data
105-->[com.google.firebase:firebase-auth-ktx:23.0.0] AndroidManifest.xml:11:13-13:85
106                android:name="com.google.firebase.components:com.google.firebase.auth.ktx.FirebaseAuthLegacyRegistrar"
106-->[com.google.firebase:firebase-auth-ktx:23.0.0] AndroidManifest.xml:12:17-119
107                android:value="com.google.firebase.components.ComponentRegistrar" />
107-->[com.google.firebase:firebase-auth-ktx:23.0.0] AndroidManifest.xml:13:17-82
108            <meta-data
108-->[com.google.firebase:firebase-auth:23.0.0] AndroidManifest.xml:69:13-71:85
109                android:name="com.google.firebase.components:com.google.firebase.auth.FirebaseAuthRegistrar"
109-->[com.google.firebase:firebase-auth:23.0.0] AndroidManifest.xml:70:17-109
110                android:value="com.google.firebase.components.ComponentRegistrar" />
110-->[com.google.firebase:firebase-auth:23.0.0] AndroidManifest.xml:71:17-82
111            <meta-data
111-->[com.google.firebase:firebase-storage-ktx:21.0.0] AndroidManifest.xml:12:13-14:85
112                android:name="com.google.firebase.components:com.google.firebase.storage.ktx.FirebaseStorageLegacyRegistrar"
112-->[com.google.firebase:firebase-storage-ktx:21.0.0] AndroidManifest.xml:13:17-125
113                android:value="com.google.firebase.components.ComponentRegistrar" />
113-->[com.google.firebase:firebase-storage-ktx:21.0.0] AndroidManifest.xml:14:17-82
114            <meta-data
114-->[com.google.firebase:firebase-storage:21.0.0] AndroidManifest.xml:30:13-32:85
115                android:name="com.google.firebase.components:com.google.firebase.storage.FirebaseStorageKtxRegistrar"
115-->[com.google.firebase:firebase-storage:21.0.0] AndroidManifest.xml:31:17-118
116                android:value="com.google.firebase.components.ComponentRegistrar" />
116-->[com.google.firebase:firebase-storage:21.0.0] AndroidManifest.xml:32:17-82
117            <meta-data
117-->[com.google.firebase:firebase-storage:21.0.0] AndroidManifest.xml:33:13-35:85
118                android:name="com.google.firebase.components:com.google.firebase.storage.StorageRegistrar"
118-->[com.google.firebase:firebase-storage:21.0.0] AndroidManifest.xml:34:17-107
119                android:value="com.google.firebase.components.ComponentRegistrar" />
119-->[com.google.firebase:firebase-storage:21.0.0] AndroidManifest.xml:35:17-82
120            <meta-data
120-->[com.google.firebase:firebase-firestore-ktx:25.0.0] AndroidManifest.xml:12:13-14:85
121                android:name="com.google.firebase.components:com.google.firebase.firestore.ktx.FirebaseFirestoreLegacyRegistrar"
121-->[com.google.firebase:firebase-firestore-ktx:25.0.0] AndroidManifest.xml:13:17-129
122                android:value="com.google.firebase.components.ComponentRegistrar" />
122-->[com.google.firebase:firebase-firestore-ktx:25.0.0] AndroidManifest.xml:14:17-82
123            <meta-data
123-->[com.google.firebase:firebase-firestore:25.0.0] AndroidManifest.xml:17:13-19:85
124                android:name="com.google.firebase.components:com.google.firebase.firestore.FirebaseFirestoreKtxRegistrar"
124-->[com.google.firebase:firebase-firestore:25.0.0] AndroidManifest.xml:18:17-122
125                android:value="com.google.firebase.components.ComponentRegistrar" />
125-->[com.google.firebase:firebase-firestore:25.0.0] AndroidManifest.xml:19:17-82
126            <meta-data
126-->[com.google.firebase:firebase-firestore:25.0.0] AndroidManifest.xml:20:13-22:85
127                android:name="com.google.firebase.components:com.google.firebase.firestore.FirestoreRegistrar"
127-->[com.google.firebase:firebase-firestore:25.0.0] AndroidManifest.xml:21:17-111
128                android:value="com.google.firebase.components.ComponentRegistrar" />
128-->[com.google.firebase:firebase-firestore:25.0.0] AndroidManifest.xml:22:17-82
129            <meta-data
129-->[com.google.firebase:firebase-appcheck:18.0.0] AndroidManifest.xml:25:13-27:85
130                android:name="com.google.firebase.components:com.google.firebase.appcheck.FirebaseAppCheckKtxRegistrar"
130-->[com.google.firebase:firebase-appcheck:18.0.0] AndroidManifest.xml:26:17-120
131                android:value="com.google.firebase.components.ComponentRegistrar" />
131-->[com.google.firebase:firebase-appcheck:18.0.0] AndroidManifest.xml:27:17-82
132            <meta-data
132-->[com.google.firebase:firebase-appcheck:18.0.0] AndroidManifest.xml:28:13-30:85
133                android:name="com.google.firebase.components:com.google.firebase.appcheck.FirebaseAppCheckRegistrar"
133-->[com.google.firebase:firebase-appcheck:18.0.0] AndroidManifest.xml:29:17-117
134                android:value="com.google.firebase.components.ComponentRegistrar" />
134-->[com.google.firebase:firebase-appcheck:18.0.0] AndroidManifest.xml:30:17-82
135            <meta-data
135-->[com.google.firebase:firebase-analytics-ktx:22.0.2] AndroidManifest.xml:11:13-13:85
136                android:name="com.google.firebase.components:com.google.firebase.analytics.ktx.FirebaseAnalyticsLegacyRegistrar"
136-->[com.google.firebase:firebase-analytics-ktx:22.0.2] AndroidManifest.xml:12:17-129
137                android:value="com.google.firebase.components.ComponentRegistrar" />
137-->[com.google.firebase:firebase-analytics-ktx:22.0.2] AndroidManifest.xml:13:17-82
138            <meta-data
138-->[com.google.firebase:firebase-config:22.0.0] AndroidManifest.xml:29:13-31:85
139                android:name="com.google.firebase.components:com.google.firebase.remoteconfig.FirebaseRemoteConfigKtxRegistrar"
139-->[com.google.firebase:firebase-config:22.0.0] AndroidManifest.xml:30:17-128
140                android:value="com.google.firebase.components.ComponentRegistrar" />
140-->[com.google.firebase:firebase-config:22.0.0] AndroidManifest.xml:31:17-82
141            <meta-data
141-->[com.google.firebase:firebase-config:22.0.0] AndroidManifest.xml:32:13-34:85
142                android:name="com.google.firebase.components:com.google.firebase.remoteconfig.RemoteConfigRegistrar"
142-->[com.google.firebase:firebase-config:22.0.0] AndroidManifest.xml:33:17-117
143                android:value="com.google.firebase.components.ComponentRegistrar" />
143-->[com.google.firebase:firebase-config:22.0.0] AndroidManifest.xml:34:17-82
144            <meta-data
144-->[com.google.android.gms:play-services-measurement-api:22.0.2] AndroidManifest.xml:37:13-39:85
145                android:name="com.google.firebase.components:com.google.firebase.analytics.connector.internal.AnalyticsConnectorRegistrar"
145-->[com.google.android.gms:play-services-measurement-api:22.0.2] AndroidManifest.xml:38:17-139
146                android:value="com.google.firebase.components.ComponentRegistrar" />
146-->[com.google.android.gms:play-services-measurement-api:22.0.2] AndroidManifest.xml:39:17-82
147            <meta-data
147-->[com.google.firebase:firebase-installations:18.0.0] AndroidManifest.xml:15:13-17:85
148                android:name="com.google.firebase.components:com.google.firebase.installations.FirebaseInstallationsKtxRegistrar"
148-->[com.google.firebase:firebase-installations:18.0.0] AndroidManifest.xml:16:17-130
149                android:value="com.google.firebase.components.ComponentRegistrar" />
149-->[com.google.firebase:firebase-installations:18.0.0] AndroidManifest.xml:17:17-82
150            <meta-data
150-->[com.google.firebase:firebase-installations:18.0.0] AndroidManifest.xml:18:13-20:85
151                android:name="com.google.firebase.components:com.google.firebase.installations.FirebaseInstallationsRegistrar"
151-->[com.google.firebase:firebase-installations:18.0.0] AndroidManifest.xml:19:17-127
152                android:value="com.google.firebase.components.ComponentRegistrar" />
152-->[com.google.firebase:firebase-installations:18.0.0] AndroidManifest.xml:20:17-82
153            <meta-data
153-->[com.google.firebase:firebase-common-ktx:21.0.0] AndroidManifest.xml:12:13-14:85
154                android:name="com.google.firebase.components:com.google.firebase.ktx.FirebaseCommonLegacyRegistrar"
154-->[com.google.firebase:firebase-common-ktx:21.0.0] AndroidManifest.xml:13:17-116
155                android:value="com.google.firebase.components.ComponentRegistrar" />
155-->[com.google.firebase:firebase-common-ktx:21.0.0] AndroidManifest.xml:14:17-82
156            <meta-data
156-->[com.google.firebase:firebase-common:21.0.0] AndroidManifest.xml:35:13-37:85
157                android:name="com.google.firebase.components:com.google.firebase.FirebaseCommonKtxRegistrar"
157-->[com.google.firebase:firebase-common:21.0.0] AndroidManifest.xml:36:17-109
158                android:value="com.google.firebase.components.ComponentRegistrar" />
158-->[com.google.firebase:firebase-common:21.0.0] AndroidManifest.xml:37:17-82
159            <meta-data
159-->[com.google.firebase:firebase-abt:21.1.1] AndroidManifest.xml:12:13-14:85
160                android:name="com.google.firebase.components:com.google.firebase.abt.component.AbtRegistrar"
160-->[com.google.firebase:firebase-abt:21.1.1] AndroidManifest.xml:13:17-109
161                android:value="com.google.firebase.components.ComponentRegistrar" />
161-->[com.google.firebase:firebase-abt:21.1.1] AndroidManifest.xml:14:17-82
162            <meta-data
162-->[com.google.firebase:firebase-datatransport:18.1.8] AndroidManifest.xml:27:13-29:85
163                android:name="com.google.firebase.components:com.google.firebase.datatransport.TransportRegistrar"
163-->[com.google.firebase:firebase-datatransport:18.1.8] AndroidManifest.xml:28:17-115
164                android:value="com.google.firebase.components.ComponentRegistrar" />
164-->[com.google.firebase:firebase-datatransport:18.1.8] AndroidManifest.xml:29:17-82
165        </service>
166        <service
166-->[com.google.firebase:firebase-sessions:2.0.2] AndroidManifest.xml:22:9-25:40
167            android:name="com.google.firebase.sessions.SessionLifecycleService"
167-->[com.google.firebase:firebase-sessions:2.0.2] AndroidManifest.xml:23:13-80
168            android:enabled="true"
168-->[com.google.firebase:firebase-sessions:2.0.2] AndroidManifest.xml:24:13-35
169            android:exported="false" />
169-->[com.google.firebase:firebase-sessions:2.0.2] AndroidManifest.xml:25:13-37
170
171        <activity
171-->[com.google.firebase:firebase-auth:23.0.0] AndroidManifest.xml:29:9-46:20
172            android:name="com.google.firebase.auth.internal.GenericIdpActivity"
172-->[com.google.firebase:firebase-auth:23.0.0] AndroidManifest.xml:30:13-80
173            android:excludeFromRecents="true"
173-->[com.google.firebase:firebase-auth:23.0.0] AndroidManifest.xml:31:13-46
174            android:exported="true"
174-->[com.google.firebase:firebase-auth:23.0.0] AndroidManifest.xml:32:13-36
175            android:launchMode="singleTask"
175-->[com.google.firebase:firebase-auth:23.0.0] AndroidManifest.xml:33:13-44
176            android:theme="@android:style/Theme.Translucent.NoTitleBar" >
176-->[com.google.firebase:firebase-auth:23.0.0] AndroidManifest.xml:34:13-72
177            <intent-filter>
177-->[com.google.firebase:firebase-auth:23.0.0] AndroidManifest.xml:35:13-45:29
178                <action android:name="android.intent.action.VIEW" />
178-->[com.google.firebase:firebase-auth:23.0.0] AndroidManifest.xml:36:17-69
178-->[com.google.firebase:firebase-auth:23.0.0] AndroidManifest.xml:36:25-66
179
180                <category android:name="android.intent.category.DEFAULT" />
180-->[com.google.firebase:firebase-auth:23.0.0] AndroidManifest.xml:38:17-76
180-->[com.google.firebase:firebase-auth:23.0.0] AndroidManifest.xml:38:27-73
181                <category android:name="android.intent.category.BROWSABLE" />
181-->[com.google.firebase:firebase-auth:23.0.0] AndroidManifest.xml:39:17-78
181-->[com.google.firebase:firebase-auth:23.0.0] AndroidManifest.xml:39:27-75
182
183                <data
183-->[com.google.firebase:firebase-auth:23.0.0] AndroidManifest.xml:41:17-44:51
184                    android:host="firebase.auth"
184-->[com.google.firebase:firebase-auth:23.0.0] AndroidManifest.xml:42:21-49
185                    android:path="/"
185-->[com.google.firebase:firebase-auth:23.0.0] AndroidManifest.xml:43:21-37
186                    android:scheme="genericidp" />
186-->[com.google.firebase:firebase-auth:23.0.0] AndroidManifest.xml:44:21-48
187            </intent-filter>
188        </activity>
189        <activity
189-->[com.google.firebase:firebase-auth:23.0.0] AndroidManifest.xml:47:9-64:20
190            android:name="com.google.firebase.auth.internal.RecaptchaActivity"
190-->[com.google.firebase:firebase-auth:23.0.0] AndroidManifest.xml:48:13-79
191            android:excludeFromRecents="true"
191-->[com.google.firebase:firebase-auth:23.0.0] AndroidManifest.xml:49:13-46
192            android:exported="true"
192-->[com.google.firebase:firebase-auth:23.0.0] AndroidManifest.xml:50:13-36
193            android:launchMode="singleTask"
193-->[com.google.firebase:firebase-auth:23.0.0] AndroidManifest.xml:51:13-44
194            android:theme="@android:style/Theme.Translucent.NoTitleBar" >
194-->[com.google.firebase:firebase-auth:23.0.0] AndroidManifest.xml:52:13-72
195            <intent-filter>
195-->[com.google.firebase:firebase-auth:23.0.0] AndroidManifest.xml:53:13-63:29
196                <action android:name="android.intent.action.VIEW" />
196-->[com.google.firebase:firebase-auth:23.0.0] AndroidManifest.xml:36:17-69
196-->[com.google.firebase:firebase-auth:23.0.0] AndroidManifest.xml:36:25-66
197
198                <category android:name="android.intent.category.DEFAULT" />
198-->[com.google.firebase:firebase-auth:23.0.0] AndroidManifest.xml:38:17-76
198-->[com.google.firebase:firebase-auth:23.0.0] AndroidManifest.xml:38:27-73
199                <category android:name="android.intent.category.BROWSABLE" />
199-->[com.google.firebase:firebase-auth:23.0.0] AndroidManifest.xml:39:17-78
199-->[com.google.firebase:firebase-auth:23.0.0] AndroidManifest.xml:39:27-75
200
201                <data
201-->[com.google.firebase:firebase-auth:23.0.0] AndroidManifest.xml:41:17-44:51
202                    android:host="firebase.auth"
202-->[com.google.firebase:firebase-auth:23.0.0] AndroidManifest.xml:42:21-49
203                    android:path="/"
203-->[com.google.firebase:firebase-auth:23.0.0] AndroidManifest.xml:43:21-37
204                    android:scheme="recaptcha" />
204-->[com.google.firebase:firebase-auth:23.0.0] AndroidManifest.xml:44:21-48
205            </intent-filter>
206        </activity>
207
208        <service
208-->[androidx.credentials:credentials-play-services-auth:1.2.0-rc01] AndroidManifest.xml:24:9-32:19
209            android:name="androidx.credentials.playservices.CredentialProviderMetadataHolder"
209-->[androidx.credentials:credentials-play-services-auth:1.2.0-rc01] AndroidManifest.xml:25:13-94
210            android:enabled="true"
210-->[androidx.credentials:credentials-play-services-auth:1.2.0-rc01] AndroidManifest.xml:26:13-35
211            android:exported="false" >
211-->[androidx.credentials:credentials-play-services-auth:1.2.0-rc01] AndroidManifest.xml:27:13-37
212            <meta-data
212-->[androidx.credentials:credentials-play-services-auth:1.2.0-rc01] AndroidManifest.xml:29:13-31:104
213                android:name="androidx.credentials.CREDENTIAL_PROVIDER_KEY"
213-->[androidx.credentials:credentials-play-services-auth:1.2.0-rc01] AndroidManifest.xml:30:17-76
214                android:value="androidx.credentials.playservices.CredentialProviderPlayServicesImpl" />
214-->[androidx.credentials:credentials-play-services-auth:1.2.0-rc01] AndroidManifest.xml:31:17-101
215        </service>
216
217        <activity
217-->[androidx.credentials:credentials-play-services-auth:1.2.0-rc01] AndroidManifest.xml:34:9-41:20
218            android:name="androidx.credentials.playservices.HiddenActivity"
218-->[androidx.credentials:credentials-play-services-auth:1.2.0-rc01] AndroidManifest.xml:35:13-76
219            android:configChanges="orientation|screenSize|screenLayout|keyboardHidden"
219-->[androidx.credentials:credentials-play-services-auth:1.2.0-rc01] AndroidManifest.xml:36:13-87
220            android:enabled="true"
220-->[androidx.credentials:credentials-play-services-auth:1.2.0-rc01] AndroidManifest.xml:37:13-35
221            android:exported="false"
221-->[androidx.credentials:credentials-play-services-auth:1.2.0-rc01] AndroidManifest.xml:38:13-37
222            android:fitsSystemWindows="true"
222-->[androidx.credentials:credentials-play-services-auth:1.2.0-rc01] AndroidManifest.xml:39:13-45
223            android:theme="@style/Theme.Hidden" >
223-->[androidx.credentials:credentials-play-services-auth:1.2.0-rc01] AndroidManifest.xml:40:13-48
224        </activity>
225        <activity
225-->[com.google.android.gms:play-services-auth:21.2.0] AndroidManifest.xml:23:9-27:75
226            android:name="com.google.android.gms.auth.api.signin.internal.SignInHubActivity"
226-->[com.google.android.gms:play-services-auth:21.2.0] AndroidManifest.xml:24:13-93
227            android:excludeFromRecents="true"
227-->[com.google.android.gms:play-services-auth:21.2.0] AndroidManifest.xml:25:13-46
228            android:exported="false"
228-->[com.google.android.gms:play-services-auth:21.2.0] AndroidManifest.xml:26:13-37
229            android:theme="@android:style/Theme.Translucent.NoTitleBar" />
229-->[com.google.android.gms:play-services-auth:21.2.0] AndroidManifest.xml:27:13-72
230        <!--
231            Service handling Google Sign-In user revocation. For apps that do not integrate with
232            Google Sign-In, this service will never be started.
233        -->
234        <service
234-->[com.google.android.gms:play-services-auth:21.2.0] AndroidManifest.xml:33:9-37:51
235            android:name="com.google.android.gms.auth.api.signin.RevocationBoundService"
235-->[com.google.android.gms:play-services-auth:21.2.0] AndroidManifest.xml:34:13-89
236            android:exported="true"
236-->[com.google.android.gms:play-services-auth:21.2.0] AndroidManifest.xml:35:13-36
237            android:permission="com.google.android.gms.auth.api.signin.permission.REVOCATION_NOTIFICATION"
237-->[com.google.android.gms:play-services-auth:21.2.0] AndroidManifest.xml:36:13-107
238            android:visibleToInstantApps="true" />
238-->[com.google.android.gms:play-services-auth:21.2.0] AndroidManifest.xml:37:13-48
239
240        <activity
240-->[com.google.android.gms:play-services-base:18.3.0] AndroidManifest.xml:20:9-22:45
241            android:name="com.google.android.gms.common.api.GoogleApiActivity"
241-->[com.google.android.gms:play-services-base:18.3.0] AndroidManifest.xml:20:19-85
242            android:exported="false"
242-->[com.google.android.gms:play-services-base:18.3.0] AndroidManifest.xml:22:19-43
243            android:theme="@android:style/Theme.Translucent.NoTitleBar" />
243-->[com.google.android.gms:play-services-base:18.3.0] AndroidManifest.xml:21:19-78
244
245        <property
245-->[com.google.android.gms:play-services-measurement-api:22.0.2] AndroidManifest.xml:30:9-32:61
246            android:name="android.adservices.AD_SERVICES_CONFIG"